#
# A fatal error has been detected by the Java Runtime Environment:
#
#  Internal Error (connode.cpp:207), pid=783, tid=16899
#  Error: ShouldNotReachHere()
#
# JRE version: Java(TM) SE Runtime Environment (8.0_05-b13) (build 1.8.0_05-b13)
# Java VM: Java HotSpot(TM) 64-Bit Server VM (25.5-b02 mixed mode bsd-amd64 compressed oops)
# Failed to write core dump. Core dumps have been disabled. To enable core dumping, try "ulimit -c unlimited" before starting Java again
#
# If you would like to submit a bug report, please visit:
#   http://bugreport.sun.com/bugreport/crash.jsp
#

---------------  T H R E A D  ---------------

Current thread (0x00007fb423016800):  JavaThread "C2 CompilerThread1" daemon [_thread_in_native, id=16899, stack(0x00000001260e8000,0x00000001261e8000)]

Stack: [0x00000001260e8000,0x00000001261e8000],  sp=0x00000001261e1240,  free space=996k
Native frames: (J=compiled Java code, j=interpreted, Vv=VM code, C=native code)
V  [libjvm.dylib+0x55f05c]
V  [libjvm.dylib+0x1d2adb]
V  [libjvm.dylib+0x1c9de7]
V  [libjvm.dylib+0x3ada1f]
V  [libjvm.dylib+0x3aeeeb]
V  [libjvm.dylib+0x3af144]
V  [libjvm.dylib+0x3a8f02]
V  [libjvm.dylib+0x19dedb]
V  [libjvm.dylib+0x1a0a31]
V  [libjvm.dylib+0x143eb2]
V  [libjvm.dylib+0x1a431c]
V  [libjvm.dylib+0x1a642b]
V  [libjvm.dylib+0x51ccf5]
V  [libjvm.dylib+0x51e432]
V  [libjvm.dylib+0x445426]
C  [libsystem_pthread.dylib+0x32fc]  _pthread_body+0x83
C  [libsystem_pthread.dylib+0x3279]  _pthread_body+0x0
C  [libsystem_pthread.dylib+0x14b1]  thread_start+0xd


Current CompileTask:
C2:    165   36       4       BloombergQuestions.NumberDig::main (78 bytes)


---------------  P R O C E S S  ---------------

Java Threads: ( => current thread )
  0x00007fb423836000 JavaThread "Service Thread" daemon [_thread_blocked, id=17923, stack(0x00000001262ee000,0x00000001263ee000)]
  0x00007fb422849000 JavaThread "C1 CompilerThread2" daemon [_thread_blocked, id=17411, stack(0x00000001261eb000,0x00000001262eb000)]
=>0x00007fb423016800 JavaThread "C2 CompilerThread1" daemon [_thread_in_native, id=16899, stack(0x00000001260e8000,0x00000001261e8000)]
  0x00007fb42400e800 JavaThread "C2 CompilerThread0" daemon [_thread_blocked, id=16387, stack(0x0000000125fe5000,0x00000001260e5000)]
  0x00007fb422848000 JavaThread "Signal Dispatcher" daemon [_thread_blocked, id=12811, stack(0x0000000125ee2000,0x0000000125fe2000)]
  0x00007fb423811800 JavaThread "Finalizer" daemon [_thread_blocked, id=11523, stack(0x0000000124620000,0x0000000124720000)]
  0x00007fb422827000 JavaThread "Reference Handler" daemon [_thread_blocked, id=11011, stack(0x000000012451d000,0x000000012461d000)]
  0x00007fb424007000 JavaThread "main" [_thread_in_Java, id=3331, stack(0x000000010dd3f000,0x000000010de3f000)]

Other Threads:
  0x00007fb423001000 VMThread [stack: 0x000000012441a000,0x000000012451a000] [id=10499]
  0x00007fb422830000 WatcherThread [stack: 0x00000001263f1000,0x00000001264f1000] [id=18435]

VM state:not at safepoint (normal execution)

VM Mutex/Monitor currently owned by a thread: None

Heap:
 PSYoungGen      total 1024K, used 713K [0x0000000795580000, 0x0000000795780000, 0x00000007c0000000)
  eden space 512K, 45% used [0x0000000795580000,0x00000007955ba418,0x0000000795600000)
  from space 512K, 93% used [0x0000000795600000,0x0000000795678020,0x0000000795680000)
  to   space 512K, 0% used [0x0000000795700000,0x0000000795700000,0x0000000795780000)
 ParOldGen       total 129536K, used 8K [0x0000000740000000, 0x0000000747e80000, 0x0000000795580000)
  object space 129536K, 0% used [0x0000000740000000,0x0000000740002000,0x0000000747e80000)
 Metaspace       used 2736K, capacity 4486K, committed 4864K, reserved 1056768K
  class space    used 296K, capacity 386K, committed 512K, reserved 1048576K

Card table byte_map: [0x000000011dbc0000,0x000000011dfc1000] byte_map_base: 0x000000011a1c0000

Marking Bits: (ParMarkBitMap*) 0x000000010d6e40a0
 Begin Bits: [0x000000011e575000, 0x0000000120575000)
 End Bits:   [0x0000000120575000, 0x0000000122575000)

Polling page: 0x000000010de9a000

CodeCache: size=245760Kb used=1134Kb max_used=1146Kb free=244625Kb
 bounds [0x000000010e800000, 0x000000010ea70000, 0x000000011d800000]
 total_blobs=268 nmethods=35 adapters=150
 compilation: enabled

Compilation events (10 events):
Event: 0.127 Thread 0x00007fb422849000 nmethod 31 0x000000010e918210 code [0x000000010e9183a0, 0x000000010e918828]
Event: 0.129 Thread 0x00007fb422849000   32       3       java.lang.StringBuilder::append (8 bytes)
Event: 0.129 Thread 0x00007fb422849000 nmethod 32 0x000000010e918a10 code [0x000000010e918b80, 0x000000010e918d08]
Event: 0.133 Thread 0x00007fb422849000   33       3       java.lang.System::getSecurityManager (4 bytes)
Event: 0.133 Thread 0x00007fb422849000 nmethod 33 0x000000010e918fd0 code [0x000000010e919120, 0x000000010e919250]
Event: 0.136 Thread 0x00007fb422849000   34 %     3       BloombergQuestions.NumberDig::main @ 41 (78 bytes)
Event: 0.137 Thread 0x00007fb422849000 nmethod 34% 0x000000010e9192d0 code [0x000000010e9195a0, 0x000000010e91ab78]
Event: 0.138 Thread 0x00007fb42400e800   35 %     4       BloombergQuestions.NumberDig::main @ 41 (78 bytes)
Event: 0.143 Thread 0x00007fb42400e800 nmethod 35% 0x000000010e91e690 code [0x000000010e91e800, 0x000000010e91eb88]
Event: 0.143 Thread 0x00007fb423016800   36       4       BloombergQuestions.NumberDig::main (78 bytes)

GC Heap History (2 events):
Event: 0.115 GC heap before
{Heap before GC invocations=1 (full 0):
 PSYoungGen      total 1024K, used 512K [0x0000000795580000, 0x0000000795700000, 0x00000007c0000000)
  eden space 512K, 100% used [0x0000000795580000,0x0000000795600000,0x0000000795600000)
  from space 512K, 0% used [0x0000000795680000,0x0000000795680000,0x0000000795700000)
  to   space 512K, 0% used [0x0000000795600000,0x0000000795600000,0x0000000795680000)
 ParOldGen       total 129536K, used 0K [0x0000000740000000, 0x0000000747e80000, 0x0000000795580000)
  object space 129536K, 0% used [0x0000000740000000,0x0000000740000000,0x0000000747e80000)
 Metaspace       used 2498K, capacity 4480K, committed 4480K, reserved 1056768K
  class space    used 268K, capacity 384K, committed 384K, reserved 1048576K
Event: 0.117 GC heap after
Heap after GC invocations=1 (full 0):
 PSYoungGen      total 1024K, used 480K [0x0000000795580000, 0x0000000795780000, 0x00000007c0000000)
  eden space 512K, 0% used [0x0000000795580000,0x0000000795580000,0x0000000795600000)
  from space 512K, 93% used [0x0000000795600000,0x0000000795678020,0x0000000795680000)
  to   space 512K, 0% used [0x0000000795700000,0x0000000795700000,0x0000000795780000)
 ParOldGen       total 129536K, used 8K [0x0000000740000000, 0x0000000747e80000, 0x0000000795580000)
  object space 129536K, 0% used [0x0000000740000000,0x0000000740002000,0x0000000747e80000)
 Metaspace       used 2498K, capacity 4480K, committed 4480K, reserved 1056768K
  class space    used 268K, capacity 384K, committed 384K, reserved 1048576K
}

Deoptimization events (0 events):
No events

Internal exceptions (3 events):
Event: 0.057 Thread 0x00007fb424007000 Exception <a 'java/lang/NoSuchMethodError': Method sun.misc.Unsafe.defineClass(Ljava/lang/String;[BII)Ljava/lang/Class; name or signature does not match> (0x0000000795594a80) thrown at [/HUDSON/workspace/8-2-build-macosx-x86_64/jdk8u5/2488/hotspot/src/sha
Event: 0.057 Thread 0x00007fb424007000 Exception <a 'java/lang/NoSuchMethodError': Method sun.misc.Unsafe.prefetchRead(Ljava/lang/Object;J)V name or signature does not match> (0x0000000795594d10) thrown at [/HUDSON/workspace/8-2-build-macosx-x86_64/jdk8u5/2488/hotspot/src/share/vm/prims/jni.cp
Event: 0.129 Thread 0x00007fb424007000 Exception <a 'java/security/PrivilegedActionException'> (0x00000007955b2d68) thrown at [/HUDSON/workspace/8-2-build-macosx-x86_64/jdk8u5/2488/hotspot/src/share/vm/prims/jvm.cpp, line 1248]

Events (10 events):
Event: 0.132 loading class java/security/AllPermission
Event: 0.132 loading class java/security/AllPermission done
Event: 0.132 loading class java/security/UnresolvedPermission
Event: 0.132 loading class java/security/UnresolvedPermission done
Event: 0.132 loading class java/security/BasicPermissionCollection
Event: 0.132 loading class java/security/BasicPermissionCollection done
Event: 0.133 loading class sun/launcher/LauncherHelper$FXHelper
Event: 0.133 loading class sun/launcher/LauncherHelper$FXHelper done
Event: 0.143 Thread 0x00007fb424007000 DEOPT PACKING pc=0x000000010e91a890 sp=0x000000010de3e870
Event: 0.143 Thread 0x00007fb424007000 DEOPT UNPACKING pc=0x000000010e84701a sp=0x000000010de3e630 mode 0


Dynamic libraries:
0x0000000009c3d000 	/System/Library/Frameworks/Cocoa.framework/Versions/A/Cocoa
0x0000000009c3d000 	/System/Library/Frameworks/Security.framework/Versions/A/Security
0x0000000009c3d000 	/System/Library/Frameworks/ApplicationServices.framework/Versions/A/ApplicationServices
0x0000000009c3d000 	/usr/lib/libz.1.dylib
0x0000000009c3d000 	/usr/lib/libSystem.B.dylib
0x0000000009c3d000 	/usr/lib/libobjc.A.dylib
0x0000000009c3d000 	/System/Library/Frameworks/CoreFoundation.framework/Versions/A/CoreFoundation
0x0000000009c3d000 	/System/Library/Frameworks/Foundation.framework/Versions/C/Foundation
0x0000000009c3d000 	/System/Library/Frameworks/AppKit.framework/Versions/C/AppKit
0x0000000009c3d000 	/System/Library/Frameworks/CoreData.framework/Versions/A/CoreData
0x0000000009c3d000 	/System/Library/PrivateFrameworks/RemoteViewServices.framework/Versions/A/RemoteViewServices
0x0000000009c3d000 	/System/Library/PrivateFrameworks/UIFoundation.framework/Versions/A/UIFoundation
0x0000000009c3d000 	/System/Library/Frameworks/IOSurface.framework/Versions/A/IOSurface
0x0000000009c3d000 	/System/Library/Frameworks/AudioToolbox.framework/Versions/A/AudioToolbox
0x0000000009c3d000 	/System/Library/Frameworks/AudioUnit.framework/Versions/A/AudioUnit
0x0000000009c3d000 	/System/Library/PrivateFrameworks/DataDetectorsCore.framework/Versions/A/DataDetectorsCore
0x0000000009c3d000 	/System/Library/PrivateFrameworks/DesktopServicesPriv.framework/Versions/A/DesktopServicesPriv
0x0000000009c3d000 	/System/Library/Frameworks/Carbon.framework/Versions/A/Frameworks/HIToolbox.framework/Versions/A/HIToolbox
0x0000000009c3d000 	/System/Library/Frameworks/QuartzCore.framework/Versions/A/QuartzCore
0x0000000009c3d000 	/System/Library/Frameworks/Carbon.framework/Versions/A/Frameworks/SpeechRecognition.framework/Versions/A/SpeechRecognition
0x0000000009c3d000 	/usr/lib/libauto.dylib
0x0000000009c3d000 	/usr/lib/libicucore.A.dylib
0x0000000009c3d000 	/usr/lib/libxml2.2.dylib
0x0000000009c3d000 	/System/Library/PrivateFrameworks/CoreUI.framework/Versions/A/CoreUI
0x0000000009c3d000 	/System/Library/Frameworks/CoreAudio.framework/Versions/A/CoreAudio
0x0000000009c3d000 	/System/Library/Frameworks/DiskArbitration.framework/Versions/A/DiskArbitration
0x0000000009c3d000 	/usr/lib/liblangid.dylib
0x0000000009c3d000 	/System/Library/PrivateFrameworks/MultitouchSupport.framework/Versions/A/MultitouchSupport
0x0000000009c3d000 	/System/Library/Frameworks/IOKit.framework/Versions/A/IOKit
0x0000000009c3d000 	/usr/lib/libDiagnosticMessagesClient.dylib
0x0000000009c3d000 	/System/Library/Frameworks/CoreServices.framework/Versions/A/CoreServices
0x0000000009c3d000 	/System/Library/PrivateFrameworks/PerformanceAnalysis.framework/Versions/A/PerformanceAnalysis
0x0000000009c3d000 	/System/Library/PrivateFrameworks/GenerationalStorage.framework/Versions/A/GenerationalStorage
0x0000000009c3d000 	/System/Library/Frameworks/OpenGL.framework/Versions/A/OpenGL
0x0000000009c3d000 	/System/Library/PrivateFrameworks/Sharing.framework/Versions/A/Sharing
0x0000000009c3d000 	/System/Library/Frameworks/CoreGraphics.framework/Versions/A/CoreGraphics
0x0000000009c3d000 	/System/Library/Frameworks/CoreText.framework/Versions/A/CoreText
0x0000000009c3d000 	/System/Library/Frameworks/ImageIO.framework/Versions/A/ImageIO
0x0000000009c3d000 	/usr/lib/libextension.dylib
0x0000000009c3d000 	/System/Library/PrivateFrameworks/Backup.framework/Versions/A/Backup
0x0000000009c3d000 	/usr/lib/libarchive.2.dylib
0x0000000009c3d000 	/System/Library/Frameworks/CFNetwork.framework/Versions/A/CFNetwork
0x0000000009c3d000 	/System/Library/Frameworks/SystemConfiguration.framework/Versions/A/SystemConfiguration
0x0000000009c3d000 	/usr/lib/libCRFSuite.dylib
0x0000000009c3d000 	/usr/lib/libc++.1.dylib
0x0000000009c3d000 	/usr/lib/libc++abi.dylib
0x0000000009c3d000 	/usr/lib/system/libcache.dylib
0x0000000009c3d000 	/usr/lib/system/libcommonCrypto.dylib
0x0000000009c3d000 	/usr/lib/system/libcompiler_rt.dylib
0x0000000009c3d000 	/usr/lib/system/libcopyfile.dylib
0x0000000009c3d000 	/usr/lib/system/libcorecrypto.dylib
0x0000000009c3d000 	/usr/lib/system/libdispatch.dylib
0x0000000009c3d000 	/usr/lib/system/libdyld.dylib
0x0000000009c3d000 	/usr/lib/system/libkeymgr.dylib
0x0000000009c3d000 	/usr/lib/system/liblaunch.dylib
0x0000000009c3d000 	/usr/lib/system/libmacho.dylib
0x0000000009c3d000 	/usr/lib/system/libquarantine.dylib
0x0000000009c3d000 	/usr/lib/system/libremovefile.dylib
0x0000000009c3d000 	/usr/lib/system/libsystem_asl.dylib
0x0000000009c3d000 	/usr/lib/system/libsystem_blocks.dylib
0x0000000009c3d000 	/usr/lib/system/libsystem_c.dylib
0x0000000009c3d000 	/usr/lib/system/libsystem_configuration.dylib
0x0000000009c3d000 	/usr/lib/system/libsystem_coreservices.dylib
0x0000000009c3d000 	/usr/lib/system/libsystem_coretls.dylib
0x0000000009c3d000 	/usr/lib/system/libsystem_dnssd.dylib
0x0000000009c3d000 	/usr/lib/system/libsystem_info.dylib
0x0000000009c3d000 	/usr/lib/system/libsystem_kernel.dylib
0x0000000009c3d000 	/usr/lib/system/libsystem_m.dylib
0x0000000009c3d000 	/usr/lib/system/libsystem_malloc.dylib
0x0000000009c3d000 	/usr/lib/system/libsystem_network.dylib
0x0000000009c3d000 	/usr/lib/system/libsystem_networkextension.dylib
0x0000000009c3d000 	/usr/lib/system/libsystem_notify.dylib
0x0000000009c3d000 	/usr/lib/system/libsystem_platform.dylib
0x0000000009c3d000 	/usr/lib/system/libsystem_pthread.dylib
0x0000000009c3d000 	/usr/lib/system/libsystem_sandbox.dylib
0x0000000009c3d000 	/usr/lib/system/libsystem_secinit.dylib
0x0000000009c3d000 	/usr/lib/system/libsystem_stats.dylib
0x0000000009c3d000 	/usr/lib/system/libsystem_trace.dylib
0x0000000009c3d000 	/usr/lib/system/libunc.dylib
0x0000000009c3d000 	/usr/lib/system/libunwind.dylib
0x0000000009c3d000 	/usr/lib/system/libxpc.dylib
0x0000000009c3d000 	/usr/lib/libbz2.1.0.dylib
0x0000000009c3d000 	/usr/lib/liblzma.5.dylib
0x0000000009c3d000 	/usr/lib/libbsm.0.dylib
0x0000000009c3d000 	/usr/lib/libsqlite3.dylib
0x0000000009c3d000 	/usr/lib/system/libkxld.dylib
0x0000000009c3d000 	/usr/lib/libxar.1.dylib
0x0000000009c3d000 	/usr/lib/libpam.2.dylib
0x0000000009c3d000 	/usr/lib/libOpenScriptingUtil.dylib
0x0000000009c3d000 	/System/Library/Frameworks/CoreServices.framework/Versions/A/Frameworks/FSEvents.framework/Versions/A/FSEvents
0x0000000009c3d000 	/System/Library/Frameworks/CoreServices.framework/Versions/A/Frameworks/CarbonCore.framework/Versions/A/CarbonCore
0x0000000009c3d000 	/System/Library/Frameworks/CoreServices.framework/Versions/A/Frameworks/Metadata.framework/Versions/A/Metadata
0x0000000009c3d000 	/System/Library/Frameworks/CoreServices.framework/Versions/A/Frameworks/OSServices.framework/Versions/A/OSServices
0x0000000009c3d000 	/System/Library/Frameworks/CoreServices.framework/Versions/A/Frameworks/SearchKit.framework/Versions/A/SearchKit
0x0000000009c3d000 	/System/Library/Frameworks/CoreServices.framework/Versions/A/Frameworks/AE.framework/Versions/A/AE
0x0000000009c3d000 	/System/Library/Frameworks/CoreServices.framework/Versions/A/Frameworks/LaunchServices.framework/Versions/A/LaunchServices
0x0000000009c3d000 	/System/Library/Frameworks/CoreServices.framework/Versions/A/Frameworks/DictionaryServices.framework/Versions/A/DictionaryServices
0x0000000009c3d000 	/System/Library/Frameworks/NetFS.framework/Versions/A/NetFS
0x0000000009c3d000 	/System/Library/PrivateFrameworks/NetAuth.framework/Versions/A/NetAuth
0x0000000009c3d000 	/System/Library/PrivateFrameworks/login.framework/Versions/A/Frameworks/loginsupport.framework/Versions/A/loginsupport
0x0000000009c3d000 	/System/Library/PrivateFrameworks/TCC.framework/Versions/A/TCC
0x0000000009c3d000 	/usr/lib/libmecabra.dylib
0x0000000009c3d000 	/System/Library/PrivateFrameworks/LanguageModeling.framework/Versions/A/LanguageModeling
0x0000000009c3d000 	/usr/lib/libcmph.dylib
0x0000000009c3d000 	/usr/lib/libiconv.2.dylib
0x0000000009c3d000 	/System/Library/Frameworks/OpenDirectory.framework/Versions/A/Frameworks/CFOpenDirectory.framework/Versions/A/CFOpenDirectory
0x0000000009c3d000 	/System/Library/Frameworks/ServiceManagement.framework/Versions/A/ServiceManagement
0x0000000009c3d000 	/usr/lib/libxslt.1.dylib
0x0000000009c3d000 	/System/Library/Frameworks/Carbon.framework/Versions/A/Frameworks/Ink.framework/Versions/A/Ink
0x0000000009c3d000 	/System/Library/Frameworks/ApplicationServices.framework/Versions/A/Frameworks/ATS.framework/Versions/A/ATS
0x0000000009c3d000 	/System/Library/Frameworks/ApplicationServices.framework/Versions/A/Frameworks/ColorSync.framework/Versions/A/ColorSync
0x0000000009c3d000 	/System/Library/Frameworks/ApplicationServices.framework/Versions/A/Frameworks/HIServices.framework/Versions/A/HIServices
0x0000000009c3d000 	/System/Library/Frameworks/ApplicationServices.framework/Versions/A/Frameworks/LangAnalysis.framework/Versions/A/LangAnalysis
0x0000000009c3d000 	/System/Library/Frameworks/ApplicationServices.framework/Versions/A/Frameworks/PrintCore.framework/Versions/A/PrintCore
0x0000000009c3d000 	/System/Library/Frameworks/ApplicationServices.framework/Versions/A/Frameworks/QD.framework/Versions/A/QD
0x0000000009c3d000 	/System/Library/Frameworks/ApplicationServices.framework/Versions/A/Frameworks/SpeechSynthesis.framework/Versions/A/SpeechSynthesis
0x0000000009c3d000 	/System/Library/Frameworks/Accelerate.framework/Versions/A/Accelerate
0x0000000009c3d000 	/System/Library/Frameworks/Accelerate.framework/Versions/A/Frameworks/vImage.framework/Versions/A/vImage
0x0000000009c3d000 	/System/Library/Frameworks/Accelerate.framework/Versions/A/Frameworks/vecLib.framework/Versions/A/vecLib
0x0000000009c3d000 	/System/Library/Frameworks/Accelerate.framework/Versions/A/Frameworks/vecLib.framework/Versions/A/libvDSP.dylib
0x0000000009c3d000 	/System/Library/Frameworks/Accelerate.framework/Versions/A/Frameworks/vecLib.framework/Versions/A/libvMisc.dylib
0x0000000009c3d000 	/System/Library/Frameworks/Accelerate.framework/Versions/A/Frameworks/vecLib.framework/Versions/A/libLAPACK.dylib
0x0000000009c3d000 	/System/Library/Frameworks/Accelerate.framework/Versions/A/Frameworks/vecLib.framework/Versions/A/libBLAS.dylib
0x0000000009c3d000 	/System/Library/Frameworks/Accelerate.framework/Versions/A/Frameworks/vecLib.framework/Versions/A/libLinearAlgebra.dylib
0x0000000009c3d000 	/System/Library/Frameworks/ApplicationServices.framework/Versions/A/Frameworks/ATS.framework/Versions/A/Resources/libFontParser.dylib
0x0000000009c3d000 	/System/Library/Frameworks/ApplicationServices.framework/Versions/A/Frameworks/ATS.framework/Versions/A/Resources/libFontRegistry.dylib
0x0000000009c3d000 	/System/Library/PrivateFrameworks/AppleVPA.framework/Versions/A/AppleVPA
0x0000000009c3d000 	/System/Library/PrivateFrameworks/AppleJPEG.framework/Versions/A/AppleJPEG
0x0000000009c3d000 	/System/Library/Frameworks/ImageIO.framework/Versions/A/Resources/libJPEG.dylib
0x0000000009c3d000 	/System/Library/Frameworks/ImageIO.framework/Versions/A/Resources/libTIFF.dylib
0x0000000009c3d000 	/System/Library/Frameworks/ImageIO.framework/Versions/A/Resources/libPng.dylib
0x0000000009c3d000 	/System/Library/Frameworks/ImageIO.framework/Versions/A/Resources/libGIF.dylib
0x0000000009c3d000 	/System/Library/Frameworks/ImageIO.framework/Versions/A/Resources/libJP2.dylib
0x0000000009c3d000 	/System/Library/Frameworks/ImageIO.framework/Versions/A/Resources/libRadiance.dylib
0x0000000009c3d000 	/System/Library/Frameworks/CoreVideo.framework/Versions/A/CoreVideo
0x0000000009c3d000 	/System/Library/Frameworks/OpenGL.framework/Versions/A/Libraries/libGLU.dylib
0x0000000009c3d000 	/System/Library/Frameworks/OpenGL.framework/Versions/A/Libraries/libGFXShared.dylib
0x0000000009c3d000 	/System/Library/Frameworks/OpenGL.framework/Versions/A/Libraries/libGL.dylib
0x0000000009c3d000 	/System/Library/Frameworks/OpenGL.framework/Versions/A/Libraries/libGLImage.dylib
0x0000000009c3d000 	/System/Library/Frameworks/OpenGL.framework/Versions/A/Libraries/libCVMSPluginSupport.dylib
0x0000000009c3d000 	/System/Library/Frameworks/OpenGL.framework/Versions/A/Libraries/libCoreVMClient.dylib
0x0000000009c3d000 	/usr/lib/libcups.2.dylib
0x0000000009c3d000 	/System/Library/Frameworks/Kerberos.framework/Versions/A/Kerberos
0x0000000009c3d000 	/System/Library/Frameworks/GSS.framework/Versions/A/GSS
0x0000000009c3d000 	/usr/lib/libresolv.9.dylib
0x0000000009c3d000 	/System/Library/PrivateFrameworks/Heimdal.framework/Versions/A/Heimdal
0x0000000009c3d000 	/usr/lib/libheimdal-asn1.dylib
0x0000000009c3d000 	/System/Library/Frameworks/OpenDirectory.framework/Versions/A/OpenDirectory
0x0000000009c3d000 	/System/Library/PrivateFrameworks/CommonAuth.framework/Versions/A/CommonAuth
0x0000000009c3d000 	/System/Library/Frameworks/SecurityFoundation.framework/Versions/A/SecurityFoundation
0x0000000009c3d000 	/System/Library/Frameworks/QuartzCore.framework/Versions/A/Frameworks/CoreImage.framework/Versions/A/CoreImage
0x0000000009c3d000 	/System/Library/PrivateFrameworks/CrashReporterSupport.framework/Versions/A/CrashReporterSupport
0x0000000009c3d000 	/System/Library/Frameworks/OpenCL.framework/Versions/A/OpenCL
0x0000000009c3d000 	/System/Library/PrivateFrameworks/FaceCore.framework/Versions/A/FaceCore
0x0000000009c3d000 	/System/Library/PrivateFrameworks/Ubiquity.framework/Versions/A/Ubiquity
0x0000000009c3d000 	/System/Library/PrivateFrameworks/IconServices.framework/Versions/A/IconServices
0x0000000009c3d000 	/System/Library/PrivateFrameworks/ChunkingLibrary.framework/Versions/A/ChunkingLibrary
0x0000000009c3d000 	/System/Library/PrivateFrameworks/Apple80211.framework/Versions/A/Apple80211
0x0000000009c3d000 	/System/Library/Frameworks/CoreWLAN.framework/Versions/A/CoreWLAN
0x0000000009c3d000 	/System/Library/Frameworks/IOBluetooth.framework/Versions/A/IOBluetooth
0x0000000009c3d000 	/System/Library/PrivateFrameworks/CoreWiFi.framework/Versions/A/CoreWiFi
0x0000000009c3d000 	/System/Library/Frameworks/CoreBluetooth.framework/Versions/A/CoreBluetooth
0x0000000009c3d000 	/System/Library/PrivateFrameworks/DebugSymbols.framework/Versions/A/DebugSymbols
0x0000000009c3d000 	/System/Library/PrivateFrameworks/CoreSymbolication.framework/Versions/A/CoreSymbolication
0x0000000009c3d000 	/System/Library/PrivateFrameworks/Symbolication.framework/Versions/A/Symbolication
0x0000000009c3d000 	/System/Library/PrivateFrameworks/SpeechRecognitionCore.framework/Versions/A/SpeechRecognitionCore
0x000000010ce7e000 	/Library/Java/JavaVirtualMachines/jdk1.8.0_05.jdk/Contents/Home/jre/lib/server/libjvm.dylib
0x0000000009c3d000 	/usr/lib/libstdc++.6.dylib
0x000000010de58000 	/Library/Java/JavaVirtualMachines/jdk1.8.0_05.jdk/Contents/Home/jre/lib/libverify.dylib
0x000000010de66000 	/Library/Java/JavaVirtualMachines/jdk1.8.0_05.jdk/Contents/Home/jre/lib/libjava.dylib
0x000000010dea4000 	/Library/Java/JavaVirtualMachines/jdk1.8.0_05.jdk/Contents/Home/jre/lib/libzip.dylib
0x0000000124722000 	/System/Library/Frameworks/JavaVM.framework/Frameworks/JavaRuntimeSupport.framework/JavaRuntimeSupport
0x0000000124738000 	/System/Library/Frameworks/JavaVM.framework/Versions/A/Frameworks/JavaNativeFoundation.framework/Versions/A/JavaNativeFoundation
0x000000012474c000 	/System/Library/Frameworks/JavaVM.framework/Versions/A/JavaVM
0x0000000009c3d000 	/System/Library/Frameworks/Carbon.framework/Versions/A/Carbon
0x0000000124758000 	/System/Library/PrivateFrameworks/JavaLaunching.framework/Versions/A/JavaLaunching
0x0000000009c3d000 	/System/Library/Frameworks/Carbon.framework/Versions/A/Frameworks/CommonPanels.framework/Versions/A/CommonPanels
0x0000000009c3d000 	/System/Library/Frameworks/Carbon.framework/Versions/A/Frameworks/Help.framework/Versions/A/Help
0x0000000009c3d000 	/System/Library/Frameworks/Carbon.framework/Versions/A/Frameworks/ImageCapture.framework/Versions/A/ImageCapture
0x0000000009c3d000 	/System/Library/Frameworks/Carbon.framework/Versions/A/Frameworks/OpenScripting.framework/Versions/A/OpenScripting
0x0000000009c3d000 	/System/Library/Frameworks/Carbon.framework/Versions/A/Frameworks/Print.framework/Versions/A/Print
0x0000000009c3d000 	/System/Library/Frameworks/Carbon.framework/Versions/A/Frameworks/SecurityHI.framework/Versions/A/SecurityHI

VM Arguments:
jvm_args: -Dfile.encoding=UTF-8 
java_command: BloombergQuestions.NumberDig
java_class_path (initial): /Applications/MyEclipseWorkSpace/Practice/bin
Launcher Type: SUN_STANDARD

Environment Variables:
PATH=/usr/bin:/bin:/usr/sbin:/sbin
SHELL=/bin/bash

Signal Handlers:
SIGSEGV: [libjvm.dylib+0x55f7df], sa_mask[0]=0xfffefeff, sa_flags=0x00000043
SIGBUS: [libjvm.dylib+0x55f7df], sa_mask[0]=0xfffefeff, sa_flags=0x00000042
SIGFPE: [libjvm.dylib+0x442cfa], sa_mask[0]=0xfffefeff, sa_flags=0x00000042
SIGPIPE: [libjvm.dylib+0x442cfa], sa_mask[0]=0xfffefeff, sa_flags=0x00000042
SIGXFSZ: [libjvm.dylib+0x442cfa], sa_mask[0]=0xfffefeff, sa_flags=0x00000042
SIGILL: [libjvm.dylib+0x442cfa], sa_mask[0]=0xfffefeff, sa_flags=0x00000042
SIGUSR1: SIG_DFL, sa_mask[0]=0x00000000, sa_flags=0x00000000
SIGUSR2: [libjvm.dylib+0x442818], sa_mask[0]=0x00000004, sa_flags=0x00000042
SIGHUP: [libjvm.dylib+0x440ba5], sa_mask[0]=0xfffefeff, sa_flags=0x00000042
SIGINT: [libjvm.dylib+0x440ba5], sa_mask[0]=0xfffefeff, sa_flags=0x00000042
SIGTERM: [libjvm.dylib+0x440ba5], sa_mask[0]=0xfffefeff, sa_flags=0x00000042
SIGQUIT: [libjvm.dylib+0x440ba5], sa_mask[0]=0xfffefeff, sa_flags=0x00000042


---------------  S Y S T E M  ---------------

OS:Bsduname:Darwin 14.0.0 Darwin Kernel Version 14.0.0: Fri Sep 19 00:26:44 PDT 2014; root:xnu-2782.1.97~2/RELEASE_X86_64 x86_64
rlimit: STACK 8192k, CORE 0k, NPROC 709, NOFILE 10240, AS infinity
load average:1.00 1.28 1.39

CPU:total 4 (2 cores per cpu, 2 threads per core) family 6 model 69 stepping 1, cmov, cx8, fxsr, mmx, sse, sse2, sse3, ssse3, sse4.1, sse4.2, popcnt, avx, avx2, aes, clmul, erms, ht, tsc, tscinvbit

Memory: 4k page, physical 8388608k(3874800k free)

/proc/meminfo:


vm_info: Java HotSpot(TM) 64-Bit Server VM (25.5-b02) for bsd-amd64 JRE (1.8.0_05-b13), built on Mar 18 2014 00:36:13 by "java_re" with gcc 4.2.1 (Based on Apple Inc. build 5658) (LLVM build 2336.11.00)

time: Tue Feb 24 10:35:42 2015
elapsed time: 0 seconds

